2025-10-12 11:40:13 - BRTApp - DEBUG - Settings file /Users/marco/Documents/BRT/brt_settings.json not found, using default values
2025-10-12 14:31:13 - BRTApp - DEBUG - Settings file /Users/marco/Documents/BRT/brt_settings.json not found, using default values
2025-10-12 14:31:30 - BRTApp - INFO - Settings saved successfully: colli=1, peso=2.0
2025-10-12 14:41:51 - BRTApp - INFO - Settings loaded successfully from /Users/marco/Documents/BRT/brt_settings.json
2025-10-12 14:47:43 - BRTApp - INFO - Settings loaded successfully from /Users/marco/Documents/BRT/brt_settings.json
2025-10-12 15:06:56 - BRTApp - INFO - Settings loaded successfully from /Users/marco/Documents/BRT/brt_settings.json
2025-10-12 15:17:44 - BRTApp - INFO - Settings loaded successfully from /Users/marco/Documents/BRT/brt_settings.json
2025-10-12 15:18:05 - BRTApp - INFO - Successfully loaded CSV file with 48 unique shipments (125 duplicates removed)
2025-10-12 15:18:24 - BRTApp - INFO - Successfully exported 48 shipments to /Users/marco/Documents/spedizioni_BRT_20251012_151821.csv
2025-10-12 15:25:29 - BRTApp - INFO - Settings loaded successfully from /Users/marco/Documents/BRT/brt_settings.json
2025-10-12 15:25:36 - BRTApp - INFO - Successfully loaded CSV file with 48 unique shipments (125 duplicates removed)
2025-10-12 15:32:24 - BRTApp - INFO - Settings loaded successfully from /Users/marco/Documents/BRT/brt_settings.json
2025-10-12 15:32:35 - BRTApp - INFO - Successfully loaded CSV file with 48 unique shipments (125 duplicates removed)
2025-10-12 15:34:48 - BRTApp - INFO - Successfully exported 48 shipments to /Users/marco/Documents/spedizioni_BRT_20251012_153446.csv
2025-10-12 15:46:18 - BRTApp - INFO - Settings loaded successfully from /Users/marco/Documents/BRT/brt_settings.json
2025-10-12 15:48:48 - BRTApp - INFO - Settings loaded successfully from /Users/marco/Documents/BRT/brt_settings.json
2025-10-12 15:53:24 - BRTApp - INFO - Settings loaded successfully from /Users/marco/Documents/BRT/brt_settings.json
2025-10-12 15:57:10 - BRTApp - INFO - Settings loaded successfully from /Users/marco/Documents/BRT/brt_settings.json
2025-10-12 15:59:06 - BRTApp - INFO - Settings loaded successfully from /Users/marco/Documents/BRT/brt_settings.json
2025-10-12 16:04:39 - BRTApp - INFO - Settings loaded successfully from /Users/marco/Documents/BRT/brt_settings.json
2025-10-12 16:13:02 - BRTApp - INFO - Settings loaded successfully from /Users/marco/Documents/BRT/brt_settings.json
